{"/home/jan/projects/free-genai-bootcamp-2025/lang-portal/frontend-react/src/components/Pagination.tsx": {"path":"/home/jan/projects/free-genai-bootcamp-2025/lang-portal/frontend-react/src/components/Pagination.tsx","all":false,"statementMap":{"0":{"start":{"line":1,"column":0},"end":{"line":1,"column":25}},"8":{"start":{"line":9,"column":0},"end":{"line":9,"column":96}},"9":{"start":{"line":10,"column":0},"end":{"line":10,"column":34}},"11":{"start":{"line":12,"column":0},"end":{"line":12,"column":10}},"12":{"start":{"line":13,"column":0},"end":{"line":13,"column":56}},"13":{"start":{"line":14,"column":0},"end":{"line":14,"column":13}},"14":{"start":{"line":15,"column":0},"end":{"line":15,"column":66}},"15":{"start":{"line":16,"column":0},"end":{"line":16,"column":36}},"16":{"start":{"line":17,"column":0},"end":{"line":17,"column":97}},"17":{"start":{"line":18,"column":0},"end":{"line":18,"column":7}},"19":{"start":{"line":20,"column":0},"end":{"line":20,"column":15}},"20":{"start":{"line":21,"column":0},"end":{"line":21,"column":42}},"21":{"start":{"line":22,"column":0},"end":{"line":22,"column":42}},"22":{"start":{"line":23,"column":0},"end":{"line":23,"column":13}},"23":{"start":{"line":24,"column":0},"end":{"line":24,"column":13}},"24":{"start":{"line":25,"column":0},"end":{"line":25,"column":75}},"25":{"start":{"line":26,"column":0},"end":{"line":26,"column":45}},"26":{"start":{"line":27,"column":0},"end":{"line":27,"column":97}},"27":{"start":{"line":28,"column":0},"end":{"line":28,"column":7}},"29":{"start":{"line":30,"column":0},"end":{"line":30,"column":15}},"30":{"start":{"line":31,"column":0},"end":{"line":31,"column":10}},"32":{"start":{"line":33,"column":0},"end":{"line":33,"column":1}}},"s":{"0":1,"8":8,"9":8,"11":7,"12":7,"13":7,"14":7,"15":7,"16":7,"17":7,"19":7,"20":7,"21":7,"22":7,"23":7,"24":7,"25":7,"26":7,"27":7,"29":7,"30":7,"32":7},"branchMap":{"0":{"type":"branch","line":9,"loc":{"start":{"line":9,"column":0},"end":{"line":33,"column":1}},"locations":[{"start":{"line":9,"column":0},"end":{"line":33,"column":1}}]},"1":{"type":"branch","line":10,"loc":{"start":{"line":10,"column":23},"end":{"line":10,"column":34}},"locations":[{"start":{"line":10,"column":23},"end":{"line":10,"column":34}}]},"2":{"type":"branch","line":10,"loc":{"start":{"line":10,"column":30},"end":{"line":33,"column":1}},"locations":[{"start":{"line":10,"column":30},"end":{"line":33,"column":1}}]},"3":{"type":"branch","line":15,"loc":{"start":{"line":15,"column":17},"end":{"line":15,"column":66}},"locations":[{"start":{"line":15,"column":17},"end":{"line":15,"column":66}}]},"4":{"type":"branch","line":25,"loc":{"start":{"line":25,"column":17},"end":{"line":25,"column":75}},"locations":[{"start":{"line":25,"column":17},"end":{"line":25,"column":75}}]}},"b":{"0":[8],"1":[1],"2":[7],"3":[1],"4":[1]},"fnMap":{"0":{"name":"Pagination","decl":{"start":{"line":9,"column":0},"end":{"line":33,"column":1}},"loc":{"start":{"line":9,"column":0},"end":{"line":33,"column":1}},"line":9},"1":{"name":"onClick","decl":{"start":{"line":15,"column":17},"end":{"line":15,"column":66}},"loc":{"start":{"line":15,"column":17},"end":{"line":15,"column":66}},"line":15},"2":{"name":"onClick","decl":{"start":{"line":25,"column":17},"end":{"line":25,"column":75}},"loc":{"start":{"line":25,"column":17},"end":{"line":25,"column":75}},"line":25}},"f":{"0":8,"1":1,"2":1}}
,"/home/jan/projects/free-genai-bootcamp-2025/lang-portal/frontend-react/src/components/StudyActivity.tsx": {"path":"/home/jan/projects/free-genai-bootcamp-2025/lang-portal/frontend-react/src/components/StudyActivity.tsx","all":false,"statementMap":{"0":{"start":{"line":1,"column":0},"end":{"line":1,"column":39}},"12":{"start":{"line":13,"column":0},"end":{"line":13,"column":68}},"13":{"start":{"line":14,"column":0},"end":{"line":14,"column":10}},"14":{"start":{"line":15,"column":0},"end":{"line":15,"column":69}},"15":{"start":{"line":16,"column":0},"end":{"line":16,"column":98}},"16":{"start":{"line":17,"column":0},"end":{"line":17,"column":27}},"17":{"start":{"line":18,"column":0},"end":{"line":18,"column":72}},"18":{"start":{"line":19,"column":0},"end":{"line":19,"column":46}},"19":{"start":{"line":20,"column":0},"end":{"line":20,"column":26}},"20":{"start":{"line":21,"column":0},"end":{"line":21,"column":65}},"22":{"start":{"line":23,"column":0},"end":{"line":23,"column":19}},"23":{"start":{"line":24,"column":0},"end":{"line":24,"column":19}},"24":{"start":{"line":25,"column":0},"end":{"line":25,"column":44}},"25":{"start":{"line":26,"column":0},"end":{"line":26,"column":58}},"27":{"start":{"line":28,"column":0},"end":{"line":28,"column":19}},"28":{"start":{"line":29,"column":0},"end":{"line":29,"column":19}},"29":{"start":{"line":30,"column":0},"end":{"line":30,"column":14}},"30":{"start":{"line":31,"column":0},"end":{"line":31,"column":12}},"31":{"start":{"line":32,"column":0},"end":{"line":32,"column":10}},"33":{"start":{"line":34,"column":0},"end":{"line":34,"column":1}}},"s":{"0":1,"12":14,"13":14,"14":14,"15":14,"16":14,"17":14,"18":14,"19":14,"20":14,"22":14,"23":14,"24":14,"25":14,"27":14,"28":14,"29":14,"30":14,"31":14,"33":14},"branchMap":{"0":{"type":"branch","line":13,"loc":{"start":{"line":13,"column":0},"end":{"line":34,"column":1}},"locations":[{"start":{"line":13,"column":0},"end":{"line":34,"column":1}}]}},"b":{"0":[14]},"fnMap":{"0":{"name":"StudyActivity","decl":{"start":{"line":13,"column":0},"end":{"line":34,"column":1}},"loc":{"start":{"line":13,"column":0},"end":{"line":34,"column":1}},"line":13}},"f":{"0":14}}
,"/home/jan/projects/free-genai-bootcamp-2025/lang-portal/frontend-react/src/components/StudySessionsTable.tsx": {"path":"/home/jan/projects/free-genai-bootcamp-2025/lang-portal/frontend-react/src/components/StudySessionsTable.tsx","all":false,"statementMap":{"0":{"start":{"line":1,"column":0},"end":{"line":1,"column":25}},"14":{"start":{"line":15,"column":0},"end":{"line":15,"column":45}},"15":{"start":{"line":16,"column":0},"end":{"line":16,"column":12}},"16":{"start":{"line":17,"column":0},"end":{"line":17,"column":11}},"17":{"start":{"line":18,"column":0},"end":{"line":18,"column":17}},"18":{"start":{"line":19,"column":0},"end":{"line":19,"column":9}},"19":{"start":{"line":20,"column":0},"end":{"line":20,"column":29}},"20":{"start":{"line":21,"column":0},"end":{"line":21,"column":10}},"21":{"start":{"line":22,"column":0},"end":{"line":22,"column":81}},"22":{"start":{"line":23,"column":0},"end":{"line":23,"column":82}},"23":{"start":{"line":24,"column":0},"end":{"line":24,"column":55}},"24":{"start":{"line":25,"column":0},"end":{"line":25,"column":14}},"25":{"start":{"line":26,"column":0},"end":{"line":26,"column":124}},"26":{"start":{"line":27,"column":0},"end":{"line":27,"column":17}},"27":{"start":{"line":28,"column":0},"end":{"line":28,"column":25}},"28":{"start":{"line":29,"column":0},"end":{"line":29,"column":27}},"29":{"start":{"line":30,"column":0},"end":{"line":30,"column":181}},"30":{"start":{"line":31,"column":0},"end":{"line":31,"column":43}},"32":{"start":{"line":33,"column":0},"end":{"line":33,"column":51}},"33":{"start":{"line":34,"column":0},"end":{"line":34,"column":108}},"34":{"start":{"line":35,"column":0},"end":{"line":35,"column":39}},"35":{"start":{"line":36,"column":0},"end":{"line":36,"column":127}},"37":{"start":{"line":38,"column":0},"end":{"line":38,"column":22}},"38":{"start":{"line":39,"column":0},"end":{"line":39,"column":19}},"39":{"start":{"line":40,"column":0},"end":{"line":40,"column":15}},"40":{"start":{"line":41,"column":0},"end":{"line":41,"column":15}},"41":{"start":{"line":42,"column":0},"end":{"line":42,"column":16}},"42":{"start":{"line":43,"column":0},"end":{"line":43,"column":73}},"43":{"start":{"line":44,"column":0},"end":{"line":44,"column":38}},"44":{"start":{"line":45,"column":0},"end":{"line":45,"column":111}},"45":{"start":{"line":46,"column":0},"end":{"line":46,"column":58}},"46":{"start":{"line":47,"column":0},"end":{"line":47,"column":114}},"47":{"start":{"line":48,"column":0},"end":{"line":48,"column":30}},"48":{"start":{"line":49,"column":0},"end":{"line":49,"column":23}},"49":{"start":{"line":50,"column":0},"end":{"line":50,"column":19}},"50":{"start":{"line":51,"column":0},"end":{"line":51,"column":58}},"51":{"start":{"line":52,"column":0},"end":{"line":52,"column":131}},"52":{"start":{"line":53,"column":0},"end":{"line":53,"column":41}},"53":{"start":{"line":54,"column":0},"end":{"line":54,"column":23}},"54":{"start":{"line":55,"column":0},"end":{"line":55,"column":19}},"55":{"start":{"line":56,"column":0},"end":{"line":56,"column":58}},"56":{"start":{"line":57,"column":0},"end":{"line":57,"column":118}},"57":{"start":{"line":58,"column":0},"end":{"line":58,"column":38}},"58":{"start":{"line":59,"column":0},"end":{"line":59,"column":23}},"59":{"start":{"line":60,"column":0},"end":{"line":60,"column":19}},"60":{"start":{"line":61,"column":0},"end":{"line":61,"column":116}},"61":{"start":{"line":62,"column":0},"end":{"line":62,"column":114}},"62":{"start":{"line":63,"column":0},"end":{"line":63,"column":124}},"63":{"start":{"line":64,"column":0},"end":{"line":64,"column":17}},"64":{"start":{"line":65,"column":0},"end":{"line":65,"column":13}},"65":{"start":{"line":66,"column":0},"end":{"line":66,"column":16}},"66":{"start":{"line":67,"column":0},"end":{"line":67,"column":14}},"67":{"start":{"line":68,"column":0},"end":{"line":68,"column":10}},"69":{"start":{"line":70,"column":0},"end":{"line":70,"column":1}}},"s":{"0":1,"14":9,"15":9,"16":9,"17":9,"18":9,"19":9,"20":9,"21":9,"22":9,"23":9,"24":9,"25":9,"26":54,"27":54,"28":54,"29":54,"30":54,"32":54,"33":54,"34":54,"35":9,"37":54,"38":54,"39":9,"40":9,"41":9,"42":9,"43":9,"44":16,"45":16,"46":16,"47":16,"48":16,"49":16,"50":16,"51":16,"52":16,"53":16,"54":16,"55":16,"56":16,"57":16,"58":16,"59":16,"60":16,"61":16,"62":16,"63":16,"64":9,"65":9,"66":9,"67":9,"69":9},"branchMap":{"0":{"type":"branch","line":15,"loc":{"start":{"line":15,"column":0},"end":{"line":70,"column":1}},"locations":[{"start":{"line":15,"column":0},"end":{"line":70,"column":1}}]},"1":{"type":"branch","line":26,"loc":{"start":{"line":26,"column":114},"end":{"line":39,"column":19}},"locations":[{"start":{"line":26,"column":114},"end":{"line":39,"column":19}}]},"2":{"type":"branch","line":34,"loc":{"start":{"line":34,"column":27},"end":{"line":34,"column":69}},"locations":[{"start":{"line":34,"column":27},"end":{"line":34,"column":69}}]},"3":{"type":"branch","line":34,"loc":{"start":{"line":34,"column":50},"end":{"line":34,"column":108}},"locations":[{"start":{"line":34,"column":50},"end":{"line":34,"column":108}}]},"4":{"type":"branch","line":35,"loc":{"start":{"line":35,"column":31},"end":{"line":36,"column":127}},"locations":[{"start":{"line":35,"column":31},"end":{"line":36,"column":127}}]},"5":{"type":"branch","line":36,"loc":{"start":{"line":36,"column":38},"end":{"line":36,"column":87}},"locations":[{"start":{"line":36,"column":38},"end":{"line":36,"column":87}}]},"6":{"type":"branch","line":36,"loc":{"start":{"line":36,"column":82},"end":{"line":36,"column":127}},"locations":[{"start":{"line":36,"column":82},"end":{"line":36,"column":127}}]},"7":{"type":"branch","line":31,"loc":{"start":{"line":31,"column":25},"end":{"line":31,"column":43}},"locations":[{"start":{"line":31,"column":25},"end":{"line":31,"column":43}}]},"8":{"type":"branch","line":44,"loc":{"start":{"line":44,"column":24},"end":{"line":64,"column":17}},"locations":[{"start":{"line":44,"column":24},"end":{"line":64,"column":17}}]}},"b":{"0":[9],"1":[54],"2":[9],"3":[45],"4":[9],"5":[8],"6":[1],"7":[2],"8":[16]},"fnMap":{"0":{"name":"StudySessionsTable","decl":{"start":{"line":15,"column":0},"end":{"line":70,"column":1}},"loc":{"start":{"line":15,"column":0},"end":{"line":70,"column":1}},"line":15},"1":{"name":"onClick","decl":{"start":{"line":31,"column":25},"end":{"line":31,"column":43}},"loc":{"start":{"line":31,"column":25},"end":{"line":31,"column":43}},"line":31}},"f":{"0":9,"1":2}}
,"/home/jan/projects/free-genai-bootcamp-2025/lang-portal/frontend-react/src/components/WordsTable.tsx": {"path":"/home/jan/projects/free-genai-bootcamp-2025/lang-portal/frontend-react/src/components/WordsTable.tsx","all":false,"statementMap":{"0":{"start":{"line":1,"column":0},"end":{"line":1,"column":25}},"14":{"start":{"line":15,"column":0},"end":{"line":15,"column":96}},"15":{"start":{"line":16,"column":0},"end":{"line":16,"column":10}},"16":{"start":{"line":17,"column":0},"end":{"line":17,"column":81}},"17":{"start":{"line":18,"column":0},"end":{"line":18,"column":82}},"18":{"start":{"line":19,"column":0},"end":{"line":19,"column":55}},"19":{"start":{"line":20,"column":0},"end":{"line":20,"column":14}},"20":{"start":{"line":21,"column":0},"end":{"line":21,"column":129}},"21":{"start":{"line":22,"column":0},"end":{"line":22,"column":17}},"22":{"start":{"line":23,"column":0},"end":{"line":23,"column":25}},"23":{"start":{"line":24,"column":0},"end":{"line":24,"column":181}},"24":{"start":{"line":25,"column":0},"end":{"line":25,"column":43}},"26":{"start":{"line":27,"column":0},"end":{"line":27,"column":61}},"27":{"start":{"line":28,"column":0},"end":{"line":28,"column":24}},"28":{"start":{"line":29,"column":0},"end":{"line":29,"column":58}},"29":{"start":{"line":30,"column":0},"end":{"line":30,"column":54}},"30":{"start":{"line":31,"column":0},"end":{"line":31,"column":50}},"31":{"start":{"line":32,"column":0},"end":{"line":32,"column":64}},"32":{"start":{"line":33,"column":0},"end":{"line":33,"column":64}},"33":{"start":{"line":34,"column":0},"end":{"line":34,"column":25}},"34":{"start":{"line":35,"column":0},"end":{"line":35,"column":39}},"35":{"start":{"line":36,"column":0},"end":{"line":36,"column":117}},"37":{"start":{"line":38,"column":0},"end":{"line":38,"column":22}},"38":{"start":{"line":39,"column":0},"end":{"line":39,"column":19}},"39":{"start":{"line":40,"column":0},"end":{"line":40,"column":15}},"40":{"start":{"line":41,"column":0},"end":{"line":41,"column":15}},"41":{"start":{"line":42,"column":0},"end":{"line":42,"column":16}},"42":{"start":{"line":43,"column":0},"end":{"line":43,"column":99}},"43":{"start":{"line":44,"column":0},"end":{"line":44,"column":32}},"44":{"start":{"line":45,"column":0},"end":{"line":45,"column":82}},"45":{"start":{"line":46,"column":0},"end":{"line":46,"column":58}},"46":{"start":{"line":47,"column":0},"end":{"line":47,"column":21}},"47":{"start":{"line":48,"column":0},"end":{"line":48,"column":42}},"48":{"start":{"line":49,"column":0},"end":{"line":49,"column":78}},"50":{"start":{"line":51,"column":0},"end":{"line":51,"column":31}},"51":{"start":{"line":52,"column":0},"end":{"line":52,"column":23}},"52":{"start":{"line":53,"column":0},"end":{"line":53,"column":19}},"53":{"start":{"line":54,"column":0},"end":{"line":54,"column":99}},"54":{"start":{"line":55,"column":0},"end":{"line":55,"column":36}},"55":{"start":{"line":56,"column":0},"end":{"line":56,"column":19}},"56":{"start":{"line":57,"column":0},"end":{"line":57,"column":99}},"57":{"start":{"line":58,"column":0},"end":{"line":58,"column":30}},"58":{"start":{"line":59,"column":0},"end":{"line":59,"column":19}},"59":{"start":{"line":60,"column":0},"end":{"line":60,"column":99}},"60":{"start":{"line":61,"column":0},"end":{"line":61,"column":36}},"61":{"start":{"line":62,"column":0},"end":{"line":62,"column":19}},"62":{"start":{"line":63,"column":0},"end":{"line":63,"column":99}},"63":{"start":{"line":64,"column":0},"end":{"line":64,"column":36}},"64":{"start":{"line":65,"column":0},"end":{"line":65,"column":19}},"65":{"start":{"line":66,"column":0},"end":{"line":66,"column":101}},"66":{"start":{"line":67,"column":0},"end":{"line":67,"column":36}},"67":{"start":{"line":68,"column":0},"end":{"line":68,"column":19}},"68":{"start":{"line":69,"column":0},"end":{"line":69,"column":97}},"69":{"start":{"line":70,"column":0},"end":{"line":70,"column":34}},"70":{"start":{"line":71,"column":0},"end":{"line":71,"column":19}},"71":{"start":{"line":72,"column":0},"end":{"line":72,"column":17}},"72":{"start":{"line":73,"column":0},"end":{"line":73,"column":13}},"73":{"start":{"line":74,"column":0},"end":{"line":74,"column":16}},"74":{"start":{"line":75,"column":0},"end":{"line":75,"column":14}},"75":{"start":{"line":76,"column":0},"end":{"line":76,"column":10}},"77":{"start":{"line":78,"column":0},"end":{"line":78,"column":1}}},"s":{"0":1,"14":9,"15":9,"16":9,"17":9,"18":9,"19":9,"20":9,"21":63,"22":63,"23":63,"24":63,"26":63,"27":63,"28":63,"29":54,"30":45,"31":36,"32":27,"33":63,"34":63,"35":9,"37":63,"38":63,"39":9,"40":9,"41":9,"42":9,"43":9,"44":15,"45":15,"46":15,"47":15,"48":15,"50":15,"51":15,"52":15,"53":15,"54":15,"55":15,"56":15,"57":15,"58":15,"59":15,"60":15,"61":15,"62":15,"63":15,"64":15,"65":15,"66":15,"67":15,"68":15,"69":15,"70":15,"71":15,"72":9,"73":9,"74":9,"75":9,"77":9},"branchMap":{"0":{"type":"branch","line":15,"loc":{"start":{"line":15,"column":0},"end":{"line":78,"column":1}},"locations":[{"start":{"line":15,"column":0},"end":{"line":78,"column":1}}]},"1":{"type":"branch","line":21,"loc":{"start":{"line":21,"column":119},"end":{"line":39,"column":19}},"locations":[{"start":{"line":21,"column":119},"end":{"line":39,"column":19}}]},"2":{"type":"branch","line":29,"loc":{"start":{"line":29,"column":29},"end":{"line":29,"column":58}},"locations":[{"start":{"line":29,"column":29},"end":{"line":29,"column":58}}]},"3":{"type":"branch","line":29,"loc":{"start":{"line":29,"column":47},"end":{"line":33,"column":64}},"locations":[{"start":{"line":29,"column":47},"end":{"line":33,"column":64}}]},"4":{"type":"branch","line":30,"loc":{"start":{"line":30,"column":29},"end":{"line":30,"column":54}},"locations":[{"start":{"line":30,"column":29},"end":{"line":30,"column":54}}]},"5":{"type":"branch","line":30,"loc":{"start":{"line":30,"column":45},"end":{"line":33,"column":64}},"locations":[{"start":{"line":30,"column":45},"end":{"line":33,"column":64}}]},"6":{"type":"branch","line":31,"loc":{"start":{"line":31,"column":29},"end":{"line":31,"column":50}},"locations":[{"start":{"line":31,"column":29},"end":{"line":31,"column":50}}]},"7":{"type":"branch","line":31,"loc":{"start":{"line":31,"column":40},"end":{"line":33,"column":64}},"locations":[{"start":{"line":31,"column":40},"end":{"line":33,"column":64}}]},"8":{"type":"branch","line":32,"loc":{"start":{"line":32,"column":29},"end":{"line":32,"column":64}},"locations":[{"start":{"line":32,"column":29},"end":{"line":32,"column":64}}]},"9":{"type":"branch","line":32,"loc":{"start":{"line":32,"column":47},"end":{"line":33,"column":64}},"locations":[{"start":{"line":32,"column":47},"end":{"line":33,"column":64}}]},"10":{"type":"branch","line":35,"loc":{"start":{"line":35,"column":31},"end":{"line":36,"column":117}},"locations":[{"start":{"line":35,"column":31},"end":{"line":36,"column":117}}]},"11":{"type":"branch","line":36,"loc":{"start":{"line":36,"column":38},"end":{"line":36,"column":82}},"locations":[{"start":{"line":36,"column":38},"end":{"line":36,"column":82}}]},"12":{"type":"branch","line":36,"loc":{"start":{"line":36,"column":77},"end":{"line":36,"column":117}},"locations":[{"start":{"line":36,"column":77},"end":{"line":36,"column":117}}]},"13":{"type":"branch","line":25,"loc":{"start":{"line":25,"column":25},"end":{"line":25,"column":43}},"locations":[{"start":{"line":25,"column":25},"end":{"line":25,"column":43}}]},"14":{"type":"branch","line":44,"loc":{"start":{"line":44,"column":21},"end":{"line":72,"column":17}},"locations":[{"start":{"line":44,"column":21},"end":{"line":72,"column":17}}]},"15":{"type":"branch","line":61,"loc":{"start":{"line":61,"column":22},"end":{"line":61,"column":36}},"locations":[{"start":{"line":61,"column":22},"end":{"line":61,"column":36}}]},"16":{"type":"branch","line":64,"loc":{"start":{"line":64,"column":22},"end":{"line":64,"column":36}},"locations":[{"start":{"line":64,"column":22},"end":{"line":64,"column":36}}]}},"b":{"0":[9],"1":[63],"2":[9],"3":[54],"4":[9],"5":[45],"6":[9],"7":[36],"8":[9],"9":[27],"10":[9],"11":[8],"12":[1],"13":[2],"14":[15],"15":[1],"16":[1]},"fnMap":{"0":{"name":"WordsTable","decl":{"start":{"line":15,"column":0},"end":{"line":78,"column":1}},"loc":{"start":{"line":15,"column":0},"end":{"line":78,"column":1}},"line":15},"1":{"name":"onClick","decl":{"start":{"line":25,"column":25},"end":{"line":25,"column":43}},"loc":{"start":{"line":25,"column":25},"end":{"line":25,"column":43}},"line":25}},"f":{"0":9,"1":2}}
,"/home/jan/projects/free-genai-bootcamp-2025/lang-portal/frontend-react/src/lib/utils.ts": {"path":"/home/jan/projects/free-genai-bootcamp-2025/lang-portal/frontend-react/src/lib/utils.ts","all":false,"statementMap":{"0":{"start":{"line":1,"column":0},"end":{"line":1,"column":44}},"3":{"start":{"line":4,"column":0},"end":{"line":4,"column":45}},"4":{"start":{"line":5,"column":0},"end":{"line":5,"column":30}},"5":{"start":{"line":6,"column":0},"end":{"line":6,"column":1}}},"s":{"0":1,"3":1,"4":39,"5":39},"branchMap":{"0":{"type":"branch","line":4,"loc":{"start":{"line":4,"column":7},"end":{"line":6,"column":1}},"locations":[{"start":{"line":4,"column":7},"end":{"line":6,"column":1}}]}},"b":{"0":[39]},"fnMap":{"0":{"name":"cn","decl":{"start":{"line":4,"column":7},"end":{"line":6,"column":1}},"loc":{"start":{"line":4,"column":7},"end":{"line":6,"column":1}},"line":4}},"f":{"0":39}}
,"/home/jan/projects/free-genai-bootcamp-2025/lang-portal/frontend-react/src/pages/StudyActivities.tsx": {"path":"/home/jan/projects/free-genai-bootcamp-2025/lang-portal/frontend-react/src/pages/StudyActivities.tsx","all":false,"statementMap":{"0":{"start":{"line":1,"column":0},"end":{"line":1,"column":43}},"10":{"start":{"line":11,"column":0},"end":{"line":11,"column":43}},"11":{"start":{"line":12,"column":0},"end":{"line":12,"column":66}},"12":{"start":{"line":13,"column":0},"end":{"line":13,"column":46}},"13":{"start":{"line":14,"column":0},"end":{"line":14,"column":57}},"15":{"start":{"line":16,"column":0},"end":{"line":16,"column":19}},"16":{"start":{"line":17,"column":0},"end":{"line":17,"column":55}},"17":{"start":{"line":18,"column":0},"end":{"line":18,"column":25}},"18":{"start":{"line":19,"column":0},"end":{"line":19,"column":27}},"19":{"start":{"line":20,"column":0},"end":{"line":20,"column":61}},"20":{"start":{"line":21,"column":0},"end":{"line":21,"column":9}},"21":{"start":{"line":22,"column":0},"end":{"line":22,"column":30}},"22":{"start":{"line":23,"column":0},"end":{"line":23,"column":8}},"23":{"start":{"line":24,"column":0},"end":{"line":24,"column":21}},"24":{"start":{"line":25,"column":0},"end":{"line":25,"column":27}},"25":{"start":{"line":26,"column":0},"end":{"line":26,"column":25}},"26":{"start":{"line":27,"column":0},"end":{"line":27,"column":8}},"27":{"start":{"line":28,"column":0},"end":{"line":28,"column":21}},"28":{"start":{"line":29,"column":0},"end":{"line":29,"column":29}},"29":{"start":{"line":30,"column":0},"end":{"line":30,"column":25}},"30":{"start":{"line":31,"column":0},"end":{"line":31,"column":8}},"31":{"start":{"line":32,"column":0},"end":{"line":32,"column":8}},"33":{"start":{"line":34,"column":0},"end":{"line":34,"column":16}},"34":{"start":{"line":35,"column":0},"end":{"line":35,"column":73}},"35":{"start":{"line":36,"column":0},"end":{"line":36,"column":3}},"37":{"start":{"line":38,"column":0},"end":{"line":38,"column":14}},"38":{"start":{"line":39,"column":0},"end":{"line":39,"column":61}},"39":{"start":{"line":40,"column":0},"end":{"line":40,"column":3}},"41":{"start":{"line":42,"column":0},"end":{"line":42,"column":10}},"42":{"start":{"line":43,"column":0},"end":{"line":43,"column":74}},"43":{"start":{"line":44,"column":0},"end":{"line":44,"column":37}},"44":{"start":{"line":45,"column":0},"end":{"line":45,"column":63}},"45":{"start":{"line":46,"column":0},"end":{"line":46,"column":9}},"46":{"start":{"line":47,"column":0},"end":{"line":47,"column":10}},"48":{"start":{"line":49,"column":0},"end":{"line":49,"column":1}}},"s":{"0":1,"10":15,"11":15,"12":15,"13":15,"15":15,"16":8,"17":8,"18":6,"19":1,"20":1,"21":5,"22":8,"23":8,"24":5,"25":5,"26":8,"27":8,"28":2,"29":2,"30":8,"31":15,"33":15,"34":8,"35":8,"37":15,"38":2,"39":2,"41":5,"42":5,"43":5,"44":8,"45":5,"46":5,"48":5},"branchMap":{"0":{"type":"branch","line":11,"loc":{"start":{"line":11,"column":0},"end":{"line":49,"column":1}},"locations":[{"start":{"line":11,"column":0},"end":{"line":49,"column":1}}]},"1":{"type":"branch","line":34,"loc":{"start":{"line":34,"column":15},"end":{"line":36,"column":3}},"locations":[{"start":{"line":34,"column":15},"end":{"line":36,"column":3}}]},"2":{"type":"branch","line":36,"loc":{"start":{"line":36,"column":2},"end":{"line":38,"column":13}},"locations":[{"start":{"line":36,"column":2},"end":{"line":38,"column":13}}]},"3":{"type":"branch","line":38,"loc":{"start":{"line":38,"column":13},"end":{"line":40,"column":3}},"locations":[{"start":{"line":38,"column":13},"end":{"line":40,"column":3}}]},"4":{"type":"branch","line":40,"loc":{"start":{"line":40,"column":2},"end":{"line":49,"column":1}},"locations":[{"start":{"line":40,"column":2},"end":{"line":49,"column":1}}]},"5":{"type":"branch","line":16,"loc":{"start":{"line":16,"column":12},"end":{"line":32,"column":5}},"locations":[{"start":{"line":16,"column":12},"end":{"line":32,"column":5}}]},"6":{"type":"branch","line":18,"loc":{"start":{"line":18,"column":12},"end":{"line":23,"column":7}},"locations":[{"start":{"line":18,"column":12},"end":{"line":23,"column":7}}]},"7":{"type":"branch","line":19,"loc":{"start":{"line":19,"column":26},"end":{"line":21,"column":9}},"locations":[{"start":{"line":19,"column":26},"end":{"line":21,"column":9}}]},"8":{"type":"branch","line":21,"loc":{"start":{"line":21,"column":8},"end":{"line":22,"column":30}},"locations":[{"start":{"line":21,"column":8},"end":{"line":22,"column":30}}]},"9":{"type":"branch","line":24,"loc":{"start":{"line":24,"column":12},"end":{"line":27,"column":7}},"locations":[{"start":{"line":24,"column":12},"end":{"line":27,"column":7}}]},"10":{"type":"branch","line":28,"loc":{"start":{"line":28,"column":13},"end":{"line":31,"column":7}},"locations":[{"start":{"line":28,"column":13},"end":{"line":31,"column":7}}]},"11":{"type":"branch","line":44,"loc":{"start":{"line":44,"column":22},"end":{"line":45,"column":63}},"locations":[{"start":{"line":44,"column":22},"end":{"line":45,"column":63}}]}},"b":{"0":[15],"1":[8],"2":[7],"3":[2],"4":[5],"5":[8],"6":[6],"7":[1],"8":[5],"9":[5],"10":[2],"11":[8]},"fnMap":{"0":{"name":"StudyActivities","decl":{"start":{"line":11,"column":0},"end":{"line":49,"column":1}},"loc":{"start":{"line":11,"column":0},"end":{"line":49,"column":1}},"line":11}},"f":{"0":15}}
,"/home/jan/projects/free-genai-bootcamp-2025/lang-portal/frontend-react/src/services/api.ts": {"path":"/home/jan/projects/free-genai-bootcamp-2025/lang-portal/frontend-react/src/services/api.ts","all":false,"statementMap":{"0":{"start":{"line":1,"column":0},"end":{"line":1,"column":45}},"82":{"start":{"line":83,"column":0},"end":{"line":83,"column":34}},"83":{"start":{"line":84,"column":0},"end":{"line":84,"column":19}},"84":{"start":{"line":85,"column":0},"end":{"line":85,"column":26}},"85":{"start":{"line":86,"column":0},"end":{"line":86,"column":31}},"86":{"start":{"line":87,"column":0},"end":{"line":87,"column":31}},"87":{"start":{"line":88,"column":0},"end":{"line":88,"column":31}},"88":{"start":{"line":89,"column":0},"end":{"line":89,"column":78}},"89":{"start":{"line":90,"column":0},"end":{"line":90,"column":4}},"90":{"start":{"line":91,"column":0},"end":{"line":91,"column":21}},"91":{"start":{"line":92,"column":0},"end":{"line":92,"column":46}},"92":{"start":{"line":93,"column":0},"end":{"line":93,"column":3}},"93":{"start":{"line":94,"column":0},"end":{"line":94,"column":25}},"94":{"start":{"line":95,"column":0},"end":{"line":95,"column":2}},"108":{"start":{"line":109,"column":0},"end":{"line":109,"column":40}},"109":{"start":{"line":110,"column":0},"end":{"line":110,"column":18}},"110":{"start":{"line":111,"column":0},"end":{"line":111,"column":19}},"111":{"start":{"line":112,"column":0},"end":{"line":112,"column":28}},"112":{"start":{"line":113,"column":0},"end":{"line":113,"column":31}},"113":{"start":{"line":114,"column":0},"end":{"line":114,"column":29}},"114":{"start":{"line":115,"column":0},"end":{"line":115,"column":72}},"115":{"start":{"line":116,"column":0},"end":{"line":116,"column":21}},"116":{"start":{"line":117,"column":0},"end":{"line":117,"column":53}},"117":{"start":{"line":118,"column":0},"end":{"line":118,"column":3}},"118":{"start":{"line":119,"column":0},"end":{"line":119,"column":25}},"119":{"start":{"line":120,"column":0},"end":{"line":120,"column":2}},"121":{"start":{"line":122,"column":0},"end":{"line":122,"column":38}},"122":{"start":{"line":123,"column":0},"end":{"line":123,"column":18}},"123":{"start":{"line":124,"column":0},"end":{"line":124,"column":19}},"124":{"start":{"line":125,"column":0},"end":{"line":125,"column":28}},"125":{"start":{"line":126,"column":0},"end":{"line":126,"column":31}},"126":{"start":{"line":127,"column":0},"end":{"line":127,"column":35}},"127":{"start":{"line":128,"column":0},"end":{"line":128,"column":31}},"128":{"start":{"line":129,"column":0},"end":{"line":129,"column":95}},"129":{"start":{"line":130,"column":0},"end":{"line":130,"column":4}},"130":{"start":{"line":131,"column":0},"end":{"line":131,"column":21}},"131":{"start":{"line":132,"column":0},"end":{"line":132,"column":51}},"132":{"start":{"line":133,"column":0},"end":{"line":133,"column":3}},"133":{"start":{"line":134,"column":0},"end":{"line":134,"column":25}},"134":{"start":{"line":135,"column":0},"end":{"line":135,"column":2}},"137":{"start":{"line":138,"column":0},"end":{"line":138,"column":33}},"138":{"start":{"line":139,"column":0},"end":{"line":139,"column":19}},"139":{"start":{"line":140,"column":0},"end":{"line":140,"column":28}},"140":{"start":{"line":141,"column":0},"end":{"line":141,"column":31}},"141":{"start":{"line":142,"column":0},"end":{"line":142,"column":30}},"142":{"start":{"line":143,"column":0},"end":{"line":143,"column":31}},"143":{"start":{"line":144,"column":0},"end":{"line":144,"column":77}},"144":{"start":{"line":145,"column":0},"end":{"line":145,"column":4}},"145":{"start":{"line":146,"column":0},"end":{"line":146,"column":21}},"146":{"start":{"line":147,"column":0},"end":{"line":147,"column":45}},"147":{"start":{"line":148,"column":0},"end":{"line":148,"column":3}},"148":{"start":{"line":149,"column":0},"end":{"line":149,"column":25}},"149":{"start":{"line":150,"column":0},"end":{"line":150,"column":2}},"151":{"start":{"line":152,"column":0},"end":{"line":152,"column":74}},"152":{"start":{"line":153,"column":0},"end":{"line":153,"column":70}},"153":{"start":{"line":154,"column":0},"end":{"line":154,"column":21}},"154":{"start":{"line":155,"column":0},"end":{"line":155,"column":52}},"155":{"start":{"line":156,"column":0},"end":{"line":156,"column":3}},"156":{"start":{"line":157,"column":0},"end":{"line":157,"column":51}},"157":{"start":{"line":158,"column":0},"end":{"line":158,"column":19}},"158":{"start":{"line":159,"column":0},"end":{"line":159,"column":2}},"161":{"start":{"line":162,"column":0},"end":{"line":162,"column":41}},"162":{"start":{"line":163,"column":0},"end":{"line":163,"column":18}},"163":{"start":{"line":164,"column":0},"end":{"line":164,"column":25}},"164":{"start":{"line":165,"column":0},"end":{"line":165,"column":39}},"165":{"start":{"line":166,"column":0},"end":{"line":166,"column":70}},"166":{"start":{"line":167,"column":0},"end":{"line":167,"column":19}},"167":{"start":{"line":168,"column":0},"end":{"line":168,"column":14}},"168":{"start":{"line":169,"column":0},"end":{"line":169,"column":41}},"169":{"start":{"line":170,"column":0},"end":{"line":170,"column":6}},"170":{"start":{"line":171,"column":0},"end":{"line":171,"column":26}},"171":{"start":{"line":172,"column":0},"end":{"line":172,"column":24}},"172":{"start":{"line":173,"column":0},"end":{"line":173,"column":41}},"173":{"start":{"line":174,"column":0},"end":{"line":174,"column":7}},"174":{"start":{"line":175,"column":0},"end":{"line":175,"column":5}},"175":{"start":{"line":176,"column":0},"end":{"line":176,"column":21}},"176":{"start":{"line":177,"column":0},"end":{"line":177,"column":54}},"177":{"start":{"line":178,"column":0},"end":{"line":178,"column":3}},"178":{"start":{"line":179,"column":0},"end":{"line":179,"column":25}},"179":{"start":{"line":180,"column":0},"end":{"line":180,"column":2}},"181":{"start":{"line":182,"column":0},"end":{"line":182,"column":47}},"182":{"start":{"line":183,"column":0},"end":{"line":183,"column":20}},"183":{"start":{"line":184,"column":0},"end":{"line":184,"column":23}},"184":{"start":{"line":185,"column":0},"end":{"line":185,"column":21}},"185":{"start":{"line":186,"column":0},"end":{"line":186,"column":90}},"186":{"start":{"line":187,"column":0},"end":{"line":187,"column":19}},"187":{"start":{"line":188,"column":0},"end":{"line":188,"column":14}},"188":{"start":{"line":189,"column":0},"end":{"line":189,"column":41}},"189":{"start":{"line":190,"column":0},"end":{"line":190,"column":6}},"190":{"start":{"line":191,"column":0},"end":{"line":191,"column":38}},"191":{"start":{"line":192,"column":0},"end":{"line":192,"column":5}},"192":{"start":{"line":193,"column":0},"end":{"line":193,"column":21}},"193":{"start":{"line":194,"column":0},"end":{"line":194,"column":61}},"194":{"start":{"line":195,"column":0},"end":{"line":195,"column":3}},"195":{"start":{"line":196,"column":0},"end":{"line":196,"column":2}},"205":{"start":{"line":206,"column":0},"end":{"line":206,"column":41}},"206":{"start":{"line":207,"column":0},"end":{"line":207,"column":19}},"207":{"start":{"line":208,"column":0},"end":{"line":208,"column":22}},"208":{"start":{"line":209,"column":0},"end":{"line":209,"column":35}},"209":{"start":{"line":210,"column":0},"end":{"line":210,"column":31}},"210":{"start":{"line":211,"column":0},"end":{"line":211,"column":73}},"211":{"start":{"line":212,"column":0},"end":{"line":212,"column":4}},"212":{"start":{"line":213,"column":0},"end":{"line":213,"column":21}},"213":{"start":{"line":214,"column":0},"end":{"line":214,"column":54}},"214":{"start":{"line":215,"column":0},"end":{"line":215,"column":3}},"215":{"start":{"line":216,"column":0},"end":{"line":216,"column":25}},"216":{"start":{"line":217,"column":0},"end":{"line":217,"column":1}},"224":{"start":{"line":225,"column":0},"end":{"line":225,"column":46}},"225":{"start":{"line":226,"column":0},"end":{"line":226,"column":18}},"226":{"start":{"line":227,"column":0},"end":{"line":227,"column":19}},"227":{"start":{"line":228,"column":0},"end":{"line":228,"column":32}},"228":{"start":{"line":229,"column":0},"end":{"line":229,"column":32}},"229":{"start":{"line":230,"column":0},"end":{"line":230,"column":35}},"230":{"start":{"line":231,"column":0},"end":{"line":231,"column":31}},"231":{"start":{"line":232,"column":0},"end":{"line":232,"column":104}},"232":{"start":{"line":233,"column":0},"end":{"line":233,"column":4}},"233":{"start":{"line":234,"column":0},"end":{"line":234,"column":21}},"234":{"start":{"line":235,"column":0},"end":{"line":235,"column":60}},"235":{"start":{"line":236,"column":0},"end":{"line":236,"column":3}},"236":{"start":{"line":237,"column":0},"end":{"line":237,"column":25}},"237":{"start":{"line":238,"column":0},"end":{"line":238,"column":1}},"240":{"start":{"line":241,"column":0},"end":{"line":241,"column":83}},"241":{"start":{"line":242,"column":0},"end":{"line":242,"column":79}},"242":{"start":{"line":243,"column":0},"end":{"line":243,"column":21}},"243":{"start":{"line":244,"column":0},"end":{"line":244,"column":54}},"244":{"start":{"line":245,"column":0},"end":{"line":245,"column":3}},"245":{"start":{"line":246,"column":0},"end":{"line":246,"column":37}},"246":{"start":{"line":247,"column":0},"end":{"line":247,"column":57}},"247":{"start":{"line":248,"column":0},"end":{"line":248,"column":14}},"248":{"start":{"line":249,"column":0},"end":{"line":249,"column":2}},"250":{"start":{"line":251,"column":0},"end":{"line":251,"column":65}},"251":{"start":{"line":252,"column":0},"end":{"line":252,"column":70}},"252":{"start":{"line":253,"column":0},"end":{"line":253,"column":21}},"253":{"start":{"line":254,"column":0},"end":{"line":254,"column":51}},"254":{"start":{"line":255,"column":0},"end":{"line":255,"column":3}},"255":{"start":{"line":256,"column":0},"end":{"line":256,"column":25}},"256":{"start":{"line":257,"column":0},"end":{"line":257,"column":2}}},"s":{"0":1,"82":1,"83":2,"84":2,"85":2,"86":2,"87":2,"88":2,"89":2,"90":2,"91":1,"92":1,"93":1,"94":1,"108":1,"109":1,"110":1,"111":1,"112":1,"113":1,"114":1,"115":1,"116":0,"117":0,"118":1,"119":1,"121":1,"122":1,"123":1,"124":1,"125":1,"126":1,"127":1,"128":1,"129":1,"130":1,"131":0,"132":0,"133":1,"134":1,"137":1,"138":2,"139":2,"140":2,"141":2,"142":2,"143":2,"144":2,"145":2,"146":0,"147":0,"148":2,"149":2,"151":1,"152":1,"153":1,"154":0,"155":0,"156":1,"157":1,"158":1,"161":1,"162":2,"163":2,"164":2,"165":2,"166":2,"167":2,"168":2,"169":2,"170":2,"171":2,"172":2,"173":2,"174":2,"175":2,"176":1,"177":1,"178":1,"179":1,"181":1,"182":1,"183":1,"184":1,"185":1,"186":1,"187":1,"188":1,"189":1,"190":1,"191":1,"192":1,"193":0,"194":0,"195":1,"205":0,"206":0,"207":0,"208":0,"209":0,"210":0,"211":0,"212":0,"213":0,"214":0,"215":0,"216":0,"224":0,"225":0,"226":0,"227":0,"228":0,"229":0,"230":0,"231":0,"232":0,"233":0,"234":0,"235":0,"236":0,"237":0,"240":1,"241":2,"242":2,"243":0,"244":0,"245":2,"246":2,"247":2,"248":2,"250":1,"251":1,"252":1,"253":0,"254":0,"255":1,"256":1},"branchMap":{"0":{"type":"branch","line":83,"loc":{"start":{"line":83,"column":27},"end":{"line":95,"column":2}},"locations":[{"start":{"line":83,"column":27},"end":{"line":95,"column":2}}]},"1":{"type":"branch","line":91,"loc":{"start":{"line":91,"column":20},"end":{"line":95,"column":2}},"locations":[{"start":{"line":91,"column":20},"end":{"line":95,"column":2}}]},"2":{"type":"branch","line":109,"loc":{"start":{"line":109,"column":33},"end":{"line":120,"column":2}},"locations":[{"start":{"line":109,"column":33},"end":{"line":120,"column":2}}]},"3":{"type":"branch","line":116,"loc":{"start":{"line":116,"column":20},"end":{"line":118,"column":3}},"locations":[{"start":{"line":116,"column":20},"end":{"line":118,"column":3}}]},"4":{"type":"branch","line":122,"loc":{"start":{"line":122,"column":31},"end":{"line":135,"column":2}},"locations":[{"start":{"line":122,"column":31},"end":{"line":135,"column":2}}]},"5":{"type":"branch","line":131,"loc":{"start":{"line":131,"column":20},"end":{"line":133,"column":3}},"locations":[{"start":{"line":131,"column":20},"end":{"line":133,"column":3}}]},"6":{"type":"branch","line":138,"loc":{"start":{"line":138,"column":26},"end":{"line":150,"column":2}},"locations":[{"start":{"line":138,"column":26},"end":{"line":150,"column":2}}]},"7":{"type":"branch","line":146,"loc":{"start":{"line":146,"column":20},"end":{"line":148,"column":3}},"locations":[{"start":{"line":146,"column":20},"end":{"line":148,"column":3}}]},"8":{"type":"branch","line":152,"loc":{"start":{"line":152,"column":32},"end":{"line":159,"column":2}},"locations":[{"start":{"line":152,"column":32},"end":{"line":159,"column":2}}]},"9":{"type":"branch","line":154,"loc":{"start":{"line":154,"column":20},"end":{"line":156,"column":3}},"locations":[{"start":{"line":154,"column":20},"end":{"line":156,"column":3}}]},"10":{"type":"branch","line":162,"loc":{"start":{"line":162,"column":34},"end":{"line":180,"column":2}},"locations":[{"start":{"line":162,"column":34},"end":{"line":180,"column":2}}]},"11":{"type":"branch","line":176,"loc":{"start":{"line":176,"column":20},"end":{"line":180,"column":2}},"locations":[{"start":{"line":176,"column":20},"end":{"line":180,"column":2}}]},"12":{"type":"branch","line":182,"loc":{"start":{"line":182,"column":40},"end":{"line":196,"column":2}},"locations":[{"start":{"line":182,"column":40},"end":{"line":196,"column":2}}]},"13":{"type":"branch","line":193,"loc":{"start":{"line":193,"column":20},"end":{"line":195,"column":3}},"locations":[{"start":{"line":193,"column":20},"end":{"line":195,"column":3}}]},"14":{"type":"branch","line":241,"loc":{"start":{"line":241,"column":39},"end":{"line":249,"column":2}},"locations":[{"start":{"line":241,"column":39},"end":{"line":249,"column":2}}]},"15":{"type":"branch","line":243,"loc":{"start":{"line":243,"column":20},"end":{"line":245,"column":3}},"locations":[{"start":{"line":243,"column":20},"end":{"line":245,"column":3}}]},"16":{"type":"branch","line":251,"loc":{"start":{"line":251,"column":31},"end":{"line":257,"column":2}},"locations":[{"start":{"line":251,"column":31},"end":{"line":257,"column":2}}]},"17":{"type":"branch","line":253,"loc":{"start":{"line":253,"column":20},"end":{"line":255,"column":3}},"locations":[{"start":{"line":253,"column":20},"end":{"line":255,"column":3}}]}},"b":{"0":[2],"1":[1],"2":[1],"3":[0],"4":[1],"5":[0],"6":[2],"7":[0],"8":[1],"9":[0],"10":[2],"11":[1],"12":[1],"13":[0],"14":[2],"15":[0],"16":[1],"17":[0]},"fnMap":{"0":{"name":"fetchGroups","decl":{"start":{"line":83,"column":27},"end":{"line":95,"column":2}},"loc":{"start":{"line":83,"column":27},"end":{"line":95,"column":2}},"line":83},"1":{"name":"fetchGroupDetails","decl":{"start":{"line":109,"column":33},"end":{"line":120,"column":2}},"loc":{"start":{"line":109,"column":33},"end":{"line":120,"column":2}},"line":109},"2":{"name":"fetchGroupWords","decl":{"start":{"line":122,"column":31},"end":{"line":135,"column":2}},"loc":{"start":{"line":122,"column":31},"end":{"line":135,"column":2}},"line":122},"3":{"name":"fetchWords","decl":{"start":{"line":138,"column":26},"end":{"line":150,"column":2}},"loc":{"start":{"line":138,"column":26},"end":{"line":150,"column":2}},"line":138},"4":{"name":"fetchWordDetails","decl":{"start":{"line":152,"column":32},"end":{"line":159,"column":2}},"loc":{"start":{"line":152,"column":32},"end":{"line":159,"column":2}},"line":152},"5":{"name":"createStudySession","decl":{"start":{"line":162,"column":34},"end":{"line":180,"column":2}},"loc":{"start":{"line":162,"column":34},"end":{"line":180,"column":2}},"line":162},"6":{"name":"submitStudySessionReview","decl":{"start":{"line":182,"column":40},"end":{"line":196,"column":2}},"loc":{"start":{"line":182,"column":40},"end":{"line":196,"column":2}},"line":182},"7":{"name":"fetchStudySessions","decl":{"start":{"line":206,"column":0},"end":{"line":217,"column":1}},"loc":{"start":{"line":206,"column":0},"end":{"line":217,"column":1}},"line":206},"8":{"name":"fetchGroupStudySessions","decl":{"start":{"line":225,"column":0},"end":{"line":238,"column":1}},"loc":{"start":{"line":225,"column":0},"end":{"line":238,"column":1}},"line":225},"9":{"name":"fetchRecentStudySession","decl":{"start":{"line":241,"column":39},"end":{"line":249,"column":2}},"loc":{"start":{"line":241,"column":39},"end":{"line":249,"column":2}},"line":241},"10":{"name":"fetchStudyStats","decl":{"start":{"line":251,"column":31},"end":{"line":257,"column":2}},"loc":{"start":{"line":251,"column":31},"end":{"line":257,"column":2}},"line":251}},"f":{"0":2,"1":1,"2":1,"3":2,"4":1,"5":2,"6":1,"7":0,"8":0,"9":2,"10":1}}
}
